<?xml version="1.0" encoding="UTF-8"?>
<!-- Generated by org.testng.reporters.JUnitReportReporter -->
<testsuite hostname="LAPTOP-01EDDVMA" failures="0" tests="3" name="veryBasicTestNG.testNGDemo" time="0.021" errors="0" timestamp="2022-12-28T22:02:37 IST" skipped="0">
  <testcase classname="veryBasicTestNG.testNGDemo" name="testng_one" time="0.007"/>
  <system-out/>
  <testcase classname="veryBasicTestNG.testNGDemo" name="testng_two" time="0.007"/>
  <system-out/>
  <testcase classname="veryBasicTestNG.testNGDemo" name="testng_three" time="0.007"/>
  <system-out/>
</testsuite> <!-- veryBasicTestNG.testNGDemo -->
